Unity Editor version:    2021.3.11f1 (0a5ca18544bf)
Branch:                  2021.3/staging
Build type:              Release
Batch mode:              YES
macOS version:           Version 13.0.1 (Build 22A400)
Darwin version:          22.1.0
Architecture:            x86_64
Running under Rosetta:   NO
Available memory:        16384 MB
Using pre-set license
Pro License: YES

COMMAND LINE ARGUMENTS:
/Applications/Unity/Hub/Editor/2021.3.11f1/Unity.app/Contents/MacOS/Unity
-adb2
-batchMode
-noUpm
-name
AssetImportWorker3
-projectPath
/Users/hiutushi/Documents/GitHub/Fork/Gain-Foxes
-logFile
Logs/AssetImportWorker3.log
-srvPort
51322
Successfully changed project path to: /Users/hiutushi/Documents/GitHub/Fork/Gain-Foxes
/Users/hiutushi/Documents/GitHub/Fork/Gain-Foxes
[UnityMemory] Configuration Parameters - Can be set up in boot.config
    "memorysetup-bucket-allocator-granularity=16"
    "memorysetup-bucket-allocator-bucket-count=8"
    "memorysetup-bucket-allocator-block-size=33554432"
    "memorysetup-bucket-allocator-block-count=8"
    "memorysetup-main-allocator-block-size=16777216"
    "memorysetup-thread-allocator-block-size=16777216"
    "memorysetup-gfx-main-allocator-block-size=16777216"
    "memorysetup-gfx-thread-allocator-block-size=16777216"
    "memorysetup-cache-allocator-block-size=4194304"
    "memorysetup-typetree-allocator-block-size=2097152"
    "memorysetup-profiler-bucket-allocator-granularity=16"
    "memorysetup-profiler-bucket-allocator-bucket-count=8"
    "memorysetup-profiler-bucket-allocator-block-size=33554432"
    "memorysetup-profiler-bucket-allocator-block-count=8"
    "memorysetup-profiler-allocator-block-size=16777216"
    "memorysetup-profiler-editor-allocator-block-size=1048576"
    "memorysetup-temp-allocator-size-main=16777216"
    "memorysetup-job-temp-allocator-block-size=2097152"
    "memorysetup-job-temp-allocator-block-size-background=1048576"
    "memorysetup-job-temp-allocator-reduction-small-platforms=262144"
    "memorysetup-temp-allocator-size-background-worker=32768"
    "memorysetup-temp-allocator-size-job-worker=262144"
    "memorysetup-temp-allocator-size-preload-manager=33554432"
    "memorysetup-temp-allocator-size-nav-mesh-worker=65536"
    "memorysetup-temp-allocator-size-audio-worker=65536"
    "memorysetup-temp-allocator-size-cloud-worker=32768"
    "memorysetup-temp-allocator-size-gi-baking-worker=262144"
    "memorysetup-temp-allocator-size-gfx=262144"
Refreshing native plugins compatible for Editor in 125.56 ms, found 1 plugins.
Preloading 0 native plugins for Editor in 0.00 ms.
Initialize engine version: 2021.3.11f1 (0a5ca18544bf)
[Subsystems] Discovering subsystems at path /Applications/Unity/Hub/Editor/2021.3.11f1/Unity.app/Contents/Resources/UnitySubsystems
[Subsystems] Discovering subsystems at path /Users/hiutushi/Documents/GitHub/Fork/Gain-Foxes/Assets
GfxDevice: creating device client; threaded=0; jobified=0
Color LCD preferred device: Intel(R) Iris(TM) Plus Graphics (low power)
Metal devices available: 1
0: Intel(R) Iris(TM) Plus Graphics (low power)
Using device Intel(R) Iris(TM) Plus Graphics (low power)
Initializing Metal device caps: Intel(R) Iris(TM) Plus Graphics
Initialize mono
Mono path[0] = '/Applications/Unity/Hub/Editor/2021.3.11f1/Unity.app/Contents/Managed'
Mono path[1] = '/Applications/Unity/Hub/Editor/2021.3.11f1/Unity.app/Contents/MonoBleedingEdge/lib/mono/unityjit-macos'
Mono config path = '/Applications/Unity/Hub/Editor/2021.3.11f1/Unity.app/Contents/MonoBleedingEdge/etc'
Using monoOptions --debugger-agent=transport=dt_socket,embedding=1,server=y,suspend=n,address=127.0.0.1:56584
Begin MonoManager ReloadAssembly
Registering precompiled unity dll's ...
Register platform support module: /Applications/Unity/Hub/Editor/2021.3.11f1/PlaybackEngines/WebGLSupport/UnityEditor.WebGL.Extensions.dll
Register platform support module: /Applications/Unity/Hub/Editor/2021.3.11f1/Unity.app/Contents/PlaybackEngines/MacStandaloneSupport/UnityEditor.OSXStandalone.Extensions.dll
Register platform support module: /Applications/Unity/Hub/Editor/2021.3.11f1/PlaybackEngines/iOSSupport/UnityEditor.iOS.Extensions.dll
Register platform support module: /Applications/Unity/Hub/Editor/2021.3.11f1/PlaybackEngines/WindowsStandaloneSupport/UnityEditor.WindowsStandalone.Extensions.dll
Registered in 0.002772 seconds.
Native extension for WindowsStandalone target not found
[usbmuxd] Start listen thread
[usbmuxd] Listen thread started
[usbmuxd] Send listen message
Native extension for iOS target not found
Native extension for OSXStandalone target not found
Native extension for WebGL target not found
Refreshing native plugins compatible for Editor in 100.11 ms, found 1 plugins.
Preloading 0 native plugins for Editor in 0.00 ms.
Mono: successfully reloaded assembly
- Completed reload, in  0.979 seconds
Domain Reload Profiling:
	ReloadAssembly (980ms)
		BeginReloadAssembly (82ms)
			ExecutionOrderSort (0ms)
			DisableScriptedObjects (0ms)
			BackupInstance (0ms)
			ReleaseScriptingObjects (0ms)
			CreateAndSetChildDomain (1ms)
		EndReloadAssembly (749ms)
			LoadAssemblies (81ms)
			RebuildTransferFunctionScriptingTraits (0ms)
			SetupTypeCache (152ms)
			ReleaseScriptCaches (0ms)
			RebuildScriptCaches (45ms)
			SetupLoadedEditorAssemblies (478ms)
				LogAssemblyErrors (0ms)
				InitializePlatformSupportModulesInManaged (135ms)
				SetLoadedEditorAssemblies (0ms)
				RefreshPlugins (100ms)
				BeforeProcessingInitializeOnLoad (2ms)
				ProcessInitializeOnLoadAttributes (181ms)
				ProcessInitializeOnLoadMethodAttributes (60ms)
				AfterProcessingInitializeOnLoad (0ms)
				EditorAssembliesLoaded (0ms)
			ExecutionOrderSort2 (0ms)
			AwakeInstancesAfterBackupRestoration (0ms)
Platform modules already initialized, skipping
Registering precompiled user dll's ...
Registered in 0.002767 seconds.
Begin MonoManager ReloadAssembly
Symbol file LoadedFromMemory doesn't match image /Users/hiutushi/Documents/GitHub/Fork/Gain-Foxes/Library/PackageCache/com.unity.visualscripting@1.7.8/Editor/VisualScripting.Core/Dependencies/YamlDotNet/Unity.VisualScripting.YamlDotNet.dll
Symbol file LoadedFromMemory doesn't match image /Users/hiutushi/Documents/GitHub/Fork/Gain-Foxes/Library/PackageCache/com.unity.visualscripting@1.7.8/Editor/VisualScripting.Core/Dependencies/DotNetZip/Unity.VisualScripting.IonicZip.dll
Native extension for WindowsStandalone target not found
Native extension for iOS target not found
Native extension for OSXStandalone target not found
Native extension for WebGL target not found
Refreshing native plugins compatible for Editor in 0.58 ms, found 1 plugins.
Preloading 0 native plugins for Editor in 0.00 ms.
Mono: successfully reloaded assembly
- Completed reload, in  1.185 seconds
Domain Reload Profiling:
	ReloadAssembly (1186ms)
		BeginReloadAssembly (128ms)
			ExecutionOrderSort (0ms)
			DisableScriptedObjects (9ms)
			BackupInstance (0ms)
			ReleaseScriptingObjects (0ms)
			CreateAndSetChildDomain (24ms)
		EndReloadAssembly (905ms)
			LoadAssemblies (82ms)
			RebuildTransferFunctionScriptingTraits (0ms)
			SetupTypeCache (308ms)
			ReleaseScriptCaches (1ms)
			RebuildScriptCaches (71ms)
			SetupLoadedEditorAssemblies (380ms)
				LogAssemblyErrors (0ms)
				InitializePlatformSupportModulesInManaged (33ms)
				SetLoadedEditorAssemblies (1ms)
				RefreshPlugins (1ms)
				BeforeProcessingInitializeOnLoad (90ms)
				ProcessInitializeOnLoadAttributes (227ms)
				ProcessInitializeOnLoadMethodAttributes (27ms)
				AfterProcessingInitializeOnLoad (3ms)
				EditorAssembliesLoaded (0ms)
			ExecutionOrderSort2 (0ms)
			AwakeInstancesAfterBackupRestoration (5ms)
Platform modules already initialized, skipping
========================================================================
Worker process is ready to serve import requests
Launching external process: /Applications/Unity/Hub/Editor/2021.3.11f1/Unity.app/Contents/Tools/UnityShaderCompiler
Launched and connected shader compiler UnityShaderCompiler after 0.09 seconds
Refreshing native plugins compatible for Editor in 0.63 ms, found 1 plugins.
Preloading 0 native plugins for Editor in 0.00 ms.
Unloading 2984 Unused Serialized files (Serialized files now loaded: 0)
Unloading 29 unused Assets / (1.3 MB). Loaded Objects now: 3467.
Memory consumption went from 106.0 MB to 104.7 MB.
Total: 3.793133 ms (FindLiveObjects: 0.277308 ms CreateObjectMapping: 0.139544 ms MarkObjects: 3.114653 ms  DeleteObjects: 0.260300 ms)

AssetImportParameters requested are different than current active one (requested -> active):
  custom:video-decoder-ogg-theora: a1e56fd34408186e4bbccfd4996cb3dc -> 
  custom:container-muxer-webm: aa71ff27fc2769a1b78a27578f13a17b -> 
  custom:container-demuxer-webm: 4f35f7cbe854078d1ac9338744f61a02 -> 
  custom:video-encoder-webm-vp8: eb34c28f22e8b96e1ab97ce403110664 -> 
  custom:framework-osx-AVFoundation: e770b220cccbd017edd2c1fefb359320 -> 
  custom:audio-encoder-webm-vorbis: bf7c407c2cedff20999df2af8eb42d56 -> 
  custom:container-demuxer-ogg: 62fdf1f143b41e24485cea50d1cbac27 -> 
  custom:video-decoder-webm-vp8: 9c59270c3fd7afecdb556c50c9e8de78 -> 
  custom:audio-decoder-ogg-vorbis: bf7c407c2cedff20999df2af8eb42d56 -> 
========================================================================
Received Import Request.
  Time since last request: 15242.815704 seconds.
  path: Assets/2DAssets/Free HDR Skyboxes Pack/Material/sky-3.mat
  artifactKey: Guid(70bdcd1ae1196ff44aea60f77e9239f6) Importer(815301076,1909f56bfc062723c751e8b465ee728b)
Start importing Assets/2DAssets/Free HDR Skyboxes Pack/Material/sky-3.mat using Guid(70bdcd1ae1196ff44aea60f77e9239f6) Importer(815301076,1909f56bfc062723c751e8b465ee728b)  -> (artifact id: '1d0960f4bb82a8a03522ff7a9a21f2be') in 0.321202 seconds 
========================================================================
Received Import Request.
  Time since last request: 23.988370 seconds.
  path: Assets/2DAssets/PeoplePrefab/kizoku 1.prefab
  artifactKey: Guid(284fa5f1a46db4ca79faa9e52cd27eab) Importer(815301076,1909f56bfc062723c751e8b465ee728b)
Start importing Assets/2DAssets/PeoplePrefab/kizoku 1.prefab using Guid(284fa5f1a46db4ca79faa9e52cd27eab) Importer(815301076,1909f56bfc062723c751e8b465ee728b)  -> (artifact id: '54642bf001c67bd3fe498e25c5089d4f') in 0.234002 seconds 
========================================================================
Received Import Request.
  Time since last request: 12.942877 seconds.
  path: Assets/2DAssets/PeoplePrefab/hinmin 1.prefab
  artifactKey: Guid(08a211d09ddae461dac09f698ea915cb) Importer(815301076,1909f56bfc062723c751e8b465ee728b)
Start importing Assets/2DAssets/PeoplePrefab/hinmin 1.prefab using Guid(08a211d09ddae461dac09f698ea915cb) Importer(815301076,1909f56bfc062723c751e8b465ee728b)  -> (artifact id: 'bfbeea14f2206ac82cc5997bcc317ead') in 0.015628 seconds 
========================================================================
Received Import Request.
  Time since last request: 0.000092 seconds.
  path: Assets/2DAssets/PeoplePrefab/kizoku 1.prefab
  artifactKey: Guid(284fa5f1a46db4ca79faa9e52cd27eab) Importer(815301076,1909f56bfc062723c751e8b465ee728b)
Start importing Assets/2DAssets/PeoplePrefab/kizoku 1.prefab using Guid(284fa5f1a46db4ca79faa9e52cd27eab) Importer(815301076,1909f56bfc062723c751e8b465ee728b)  -> (artifact id: '1d9935bbe0fa1122b0d8f35271d25d26') in 0.017113 seconds 
========================================================================
Received Import Request.
  Time since last request: 1.492054 seconds.
  path: Assets/2DAssets/LowlyPoly/Free Stylized Textures/Materials/Vol_2_3_Wood.mat
  artifactKey: Guid(e2782bd09fb749e4f8c457cb9c8cc6cd) Importer(815301076,1909f56bfc062723c751e8b465ee728b)
Start importing Assets/2DAssets/LowlyPoly/Free Stylized Textures/Materials/Vol_2_3_Wood.mat using Guid(e2782bd09fb749e4f8c457cb9c8cc6cd) Importer(815301076,1909f56bfc062723c751e8b465ee728b)  -> (artifact id: '10f07822ea3cf19830d1b4e2596cf309') in 0.824663 seconds 
========================================================================
Received Import Request.
  Time since last request: 0.000106 seconds.
  path: Assets/2DAssets/Flat Textures Pack/Materials/Winter_Spores.mat
  artifactKey: Guid(b212d6d3e65f24a41a49b9361880e85f) Importer(815301076,1909f56bfc062723c751e8b465ee728b)
Start importing Assets/2DAssets/Flat Textures Pack/Materials/Winter_Spores.mat using Guid(b212d6d3e65f24a41a49b9361880e85f) Importer(815301076,1909f56bfc062723c751e8b465ee728b)  -> (artifact id: '7ba968f61cc5bd6f43981e4db6e52060') in 0.053418 seconds 
========================================================================
Received Import Request.
  Time since last request: 0.000081 seconds.
  path: Assets/2DAssets/LowlyPoly/Free Stylized Textures/Materials/Vol_19_4_Dirt.mat
  artifactKey: Guid(d24bde530a6cd174cb70a68743168031) Importer(815301076,1909f56bfc062723c751e8b465ee728b)
Start importing Assets/2DAssets/LowlyPoly/Free Stylized Textures/Materials/Vol_19_4_Dirt.mat using Guid(d24bde530a6cd174cb70a68743168031) Importer(815301076,1909f56bfc062723c751e8b465ee728b)  -> (artifact id: '1d6fd1c3eabb3b5e31791a5a1a61a062') in 0.038262 seconds 
========================================================================
Received Import Request.
  Time since last request: 0.000179 seconds.
  path: Assets/2DAssets/Flat Textures Pack/Materials/Winter_Roots.mat
  artifactKey: Guid(5c02dae6770af354d97ceaacb0dcfaa3) Importer(815301076,1909f56bfc062723c751e8b465ee728b)
Start importing Assets/2DAssets/Flat Textures Pack/Materials/Winter_Roots.mat using Guid(5c02dae6770af354d97ceaacb0dcfaa3) Importer(815301076,1909f56bfc062723c751e8b465ee728b)  -> (artifact id: '894a4c5354c660071408699b432e7196') in 0.021314 seconds 
========================================================================
Received Import Request.
  Time since last request: 0.000099 seconds.
  path: Assets/2DAssets/Flat Textures Pack/Materials/Water_B.mat
  artifactKey: Guid(077530e0b0a9273408ae4d17c1a1af03) Importer(815301076,1909f56bfc062723c751e8b465ee728b)
Start importing Assets/2DAssets/Flat Textures Pack/Materials/Water_B.mat using Guid(077530e0b0a9273408ae4d17c1a1af03) Importer(815301076,1909f56bfc062723c751e8b465ee728b)  -> (artifact id: 'caa3d99784db7a50ac7fb668f399fcf1') in 0.019345 seconds 
========================================================================
Received Import Request.
  Time since last request: 0.000100 seconds.
  path: Assets/2DAssets/Flat Textures Pack/Materials/Winter_Flower.mat
  artifactKey: Guid(539f75970f8b10e43ace7f872679d0b2) Importer(815301076,1909f56bfc062723c751e8b465ee728b)
Start importing Assets/2DAssets/Flat Textures Pack/Materials/Winter_Flower.mat using Guid(539f75970f8b10e43ace7f872679d0b2) Importer(815301076,1909f56bfc062723c751e8b465ee728b)  -> (artifact id: '9a515c1651e37848a80b63cee8b05fe7') in 0.019328 seconds 
========================================================================
Received Import Request.
  Time since last request: 0.000086 seconds.
  path: Assets/2DAssets/Flat Textures Pack/Materials/Winter_FrozenGround.mat
  artifactKey: Guid(5fb072cb6bfc5e343be27f17187cefae) Importer(815301076,1909f56bfc062723c751e8b465ee728b)
Start importing Assets/2DAssets/Flat Textures Pack/Materials/Winter_FrozenGround.mat using Guid(5fb072cb6bfc5e343be27f17187cefae) Importer(815301076,1909f56bfc062723c751e8b465ee728b)  -> (artifact id: '1720118a57fa2f103eb97cdbe4d2c172') in 0.021906 seconds 
========================================================================
Received Import Request.
  Time since last request: 0.000089 seconds.
  path: Assets/2DAssets/LowlyPoly/Free Stylized Textures/Materials/Vol_35_3_Lava.mat
  artifactKey: Guid(b7bcd7c6b3acb3241b0d5af1a358b19b) Importer(815301076,1909f56bfc062723c751e8b465ee728b)
Start importing Assets/2DAssets/LowlyPoly/Free Stylized Textures/Materials/Vol_35_3_Lava.mat using Guid(b7bcd7c6b3acb3241b0d5af1a358b19b) Importer(815301076,1909f56bfc062723c751e8b465ee728b)  -> (artifact id: '77e6c2b48e777ca1f8348d788ba72d97') in 0.611117 seconds 
========================================================================
Received Import Request.
  Time since last request: 0.000279 seconds.
  path: Assets/2DAssets/LowlyPoly/Free Stylized Textures/Materials/Vol_16_2_Sand.mat
  artifactKey: Guid(49f3385eb1c319941be8623439f1eb49) Importer(815301076,1909f56bfc062723c751e8b465ee728b)
Start importing Assets/2DAssets/LowlyPoly/Free Stylized Textures/Materials/Vol_16_2_Sand.mat using Guid(49f3385eb1c319941be8623439f1eb49) Importer(815301076,1909f56bfc062723c751e8b465ee728b)  -> (artifact id: '88ec787457df95cd99bd8637bec521b0') in 0.042857 seconds 
========================================================================
Received Import Request.
  Time since last request: 0.000098 seconds.
  path: Assets/2DAssets/LowlyPoly/Free Stylized Textures/Materials/Vol_34_2_Tiles.mat
  artifactKey: Guid(ebabfdf81fc72414f9921cfe2ed4b652) Importer(815301076,1909f56bfc062723c751e8b465ee728b)
Start importing Assets/2DAssets/LowlyPoly/Free Stylized Textures/Materials/Vol_34_2_Tiles.mat using Guid(ebabfdf81fc72414f9921cfe2ed4b652) Importer(815301076,1909f56bfc062723c751e8b465ee728b)  -> (artifact id: '28f12167a7beef713bfd4dc97ef81804') in 0.391879 seconds 
========================================================================
Received Import Request.
  Time since last request: 0.000136 seconds.
  path: Assets/2DAssets/LowlyPoly/Free Stylized Textures/Materials/Vol_49_5_Rocks.mat
  artifactKey: Guid(67436367136736141b5c7e131555c4d1) Importer(815301076,1909f56bfc062723c751e8b465ee728b)
Start importing Assets/2DAssets/LowlyPoly/Free Stylized Textures/Materials/Vol_49_5_Rocks.mat using Guid(67436367136736141b5c7e131555c4d1) Importer(815301076,1909f56bfc062723c751e8b465ee728b)  -> (artifact id: 'df5ce2560104422a248fbf517e2ed2d4') in 0.038246 seconds 
========================================================================
Received Import Request.
  Time since last request: 0.000114 seconds.
  path: Assets/2DAssets/LowlyPoly/Free Stylized Textures/Materials/Vol_67_3_Tile.mat
  artifactKey: Guid(b45a15fff385e4a46ab2bf7a9b0214e8) Importer(815301076,1909f56bfc062723c751e8b465ee728b)
Start importing Assets/2DAssets/LowlyPoly/Free Stylized Textures/Materials/Vol_67_3_Tile.mat using Guid(b45a15fff385e4a46ab2bf7a9b0214e8) Importer(815301076,1909f56bfc062723c751e8b465ee728b)  -> (artifact id: '49e710fd4dde3cb4137961b6c351d62d') in 0.039494 seconds 
========================================================================
Received Import Request.
  Time since last request: 0.000127 seconds.
  path: Assets/2DAssets/LowlyPoly/Free Stylized Textures/Materials/Vol_81_3_Sci-fi.mat
  artifactKey: Guid(d12d326c7ff660a40aed23b21d98c6ad) Importer(815301076,1909f56bfc062723c751e8b465ee728b)
Start importing Assets/2DAssets/LowlyPoly/Free Stylized Textures/Materials/Vol_81_3_Sci-fi.mat using Guid(d12d326c7ff660a40aed23b21d98c6ad) Importer(815301076,1909f56bfc062723c751e8b465ee728b)  -> (artifact id: '89907f7182a265a4cbba4f11ded8162d') in 0.809653 seconds 
========================================================================
Received Prepare
Registering precompiled user dll's ...
Registered in 0.003186 seconds.
Begin MonoManager ReloadAssembly
Symbol file LoadedFromMemory doesn't match image /Users/hiutushi/Documents/GitHub/Fork/Gain-Foxes/Library/PackageCache/com.unity.visualscripting@1.7.8/Editor/VisualScripting.Core/Dependencies/YamlDotNet/Unity.VisualScripting.YamlDotNet.dll
Symbol file LoadedFromMemory doesn't match image /Users/hiutushi/Documents/GitHub/Fork/Gain-Foxes/Library/PackageCache/com.unity.visualscripting@1.7.8/Editor/VisualScripting.Core/Dependencies/DotNetZip/Unity.VisualScripting.IonicZip.dll
Native extension for WindowsStandalone target not found
Native extension for iOS target not found
Native extension for OSXStandalone target not found
Native extension for WebGL target not found
Refreshing native plugins compatible for Editor in 0.57 ms, found 1 plugins.
Preloading 0 native plugins for Editor in 0.00 ms.
Mono: successfully reloaded assembly
- Completed reload, in  1.116 seconds
Domain Reload Profiling:
	ReloadAssembly (1117ms)
		BeginReloadAssembly (139ms)
			ExecutionOrderSort (0ms)
			DisableScriptedObjects (5ms)
			BackupInstance (0ms)
			ReleaseScriptingObjects (0ms)
			CreateAndSetChildDomain (34ms)
		EndReloadAssembly (843ms)
			LoadAssemblies (81ms)
			RebuildTransferFunctionScriptingTraits (0ms)
			SetupTypeCache (318ms)
			ReleaseScriptCaches (1ms)
			RebuildScriptCaches (59ms)
			SetupLoadedEditorAssemblies (323ms)
				LogAssemblyErrors (0ms)
				InitializePlatformSupportModulesInManaged (41ms)
				SetLoadedEditorAssemblies (1ms)
				RefreshPlugins (1ms)
				BeforeProcessingInitializeOnLoad (65ms)
				ProcessInitializeOnLoadAttributes (187ms)
				ProcessInitializeOnLoadMethodAttributes (25ms)
				AfterProcessingInitializeOnLoad (3ms)
				EditorAssembliesLoaded (0ms)
			ExecutionOrderSort2 (0ms)
			AwakeInstancesAfterBackupRestoration (6ms)
Platform modules already initialized, skipping
Refreshing native plugins compatible for Editor in 1.21 ms, found 1 plugins.
Preloading 0 native plugins for Editor in 0.00 ms.
Unloading 2928 Unused Serialized files (Serialized files now loaded: 0)
Unloading 27 unused Assets / (1.3 MB). Loaded Objects now: 3511.
Memory consumption went from 263.8 MB to 262.6 MB.
Total: 3.544518 ms (FindLiveObjects: 0.237983 ms CreateObjectMapping: 0.126368 ms MarkObjects: 2.938215 ms  DeleteObjects: 0.240449 ms)

AssetImportParameters requested are different than current active one (requested -> active):
  custom:video-decoder-ogg-theora: a1e56fd34408186e4bbccfd4996cb3dc -> 
  custom:container-muxer-webm: aa71ff27fc2769a1b78a27578f13a17b -> 
  custom:container-demuxer-webm: 4f35f7cbe854078d1ac9338744f61a02 -> 
  custom:video-encoder-webm-vp8: eb34c28f22e8b96e1ab97ce403110664 -> 
  custom:framework-osx-AVFoundation: e770b220cccbd017edd2c1fefb359320 -> 
  custom:audio-encoder-webm-vorbis: bf7c407c2cedff20999df2af8eb42d56 -> 
  custom:container-demuxer-ogg: 62fdf1f143b41e24485cea50d1cbac27 -> 
  custom:video-decoder-webm-vp8: 9c59270c3fd7afecdb556c50c9e8de78 -> 
  custom:audio-decoder-ogg-vorbis: bf7c407c2cedff20999df2af8eb42d56 -> 
========================================================================
Received Import Request.
  Time since last request: 521.095858 seconds.
  path: Assets/2DAssets/PeoplePrefab/Goala.prefab
  artifactKey: Guid(1cb3ddd0703eb42ffab64d05e31a7ae9) Importer(815301076,1909f56bfc062723c751e8b465ee728b)
Start importing Assets/2DAssets/PeoplePrefab/Goala.prefab using Guid(1cb3ddd0703eb42ffab64d05e31a7ae9) Importer(815301076,1909f56bfc062723c751e8b465ee728b)  -> (artifact id: 'f88fc8d9f09f9be82aa2b111de9cad59') in 0.113175 seconds 
========================================================================
Received Import Request.
  Time since last request: 0.000125 seconds.
  path: Assets/2DAssets/PeoplePrefab/kizoku 1.prefab
  artifactKey: Guid(284fa5f1a46db4ca79faa9e52cd27eab) Importer(815301076,1909f56bfc062723c751e8b465ee728b)
Start importing Assets/2DAssets/PeoplePrefab/kizoku 1.prefab using Guid(284fa5f1a46db4ca79faa9e52cd27eab) Importer(815301076,1909f56bfc062723c751e8b465ee728b)  -> (artifact id: 'a32e1fb5266b96d8ac0a713d05721fbb') in 0.027053 seconds 
========================================================================
Received Import Request.
  Time since last request: 7.603279 seconds.
  path: Assets/2DAssets/PeoplePrefab/hinmin 1.prefab
  artifactKey: Guid(08a211d09ddae461dac09f698ea915cb) Importer(815301076,1909f56bfc062723c751e8b465ee728b)
Start importing Assets/2DAssets/PeoplePrefab/hinmin 1.prefab using Guid(08a211d09ddae461dac09f698ea915cb) Importer(815301076,1909f56bfc062723c751e8b465ee728b)  -> (artifact id: '8fa5db95af22c539d12c2ee887c00973') in 0.020186 seconds 
========================================================================
Received Import Request.
  Time since last request: 0.000121 seconds.
  path: Assets/2DAssets/PeoplePrefab/simin 1.prefab
  artifactKey: Guid(04f37b23b60d44194b569af4e97653a0) Importer(815301076,1909f56bfc062723c751e8b465ee728b)
Start importing Assets/2DAssets/PeoplePrefab/simin 1.prefab using Guid(04f37b23b60d44194b569af4e97653a0) Importer(815301076,1909f56bfc062723c751e8b465ee728b)  -> (artifact id: 'cfe5e6cc0757ff9ec7c6bee5078377af') in 0.014221 seconds 
Editor requested this worker to shutdown with reason: Scaling down because of idle timeout
AssetImportWorker is now disconnected from the server
Process exiting
