Unity Editor version:    2021.3.11f1 (0a5ca18544bf)
Branch:                  2021.3/staging
Build type:              Release
Batch mode:              YES
macOS version:           Version 13.0.1 (Build 22A400)
Darwin version:          22.1.0
Architecture:            x86_64
Running under Rosetta:   NO
Available memory:        16384 MB
Using pre-set license
Pro License: YES

COMMAND LINE ARGUMENTS:
/Applications/Unity/Hub/Editor/2021.3.11f1/Unity.app/Contents/MacOS/Unity
-adb2
-batchMode
-noUpm
-name
AssetImportWorker2
-projectPath
/Users/hiutushi/Documents/GitHub/Fork/Gain-Foxes
-logFile
Logs/AssetImportWorker2.log
-srvPort
51322
Successfully changed project path to: /Users/hiutushi/Documents/GitHub/Fork/Gain-Foxes
/Users/hiutushi/Documents/GitHub/Fork/Gain-Foxes
[UnityMemory] Configuration Parameters - Can be set up in boot.config
    "memorysetup-bucket-allocator-granularity=16"
    "memorysetup-bucket-allocator-bucket-count=8"
    "memorysetup-bucket-allocator-block-size=33554432"
    "memorysetup-bucket-allocator-block-count=8"
    "memorysetup-main-allocator-block-size=16777216"
    "memorysetup-thread-allocator-block-size=16777216"
    "memorysetup-gfx-main-allocator-block-size=16777216"
    "memorysetup-gfx-thread-allocator-block-size=16777216"
    "memorysetup-cache-allocator-block-size=4194304"
    "memorysetup-typetree-allocator-block-size=2097152"
    "memorysetup-profiler-bucket-allocator-granularity=16"
    "memorysetup-profiler-bucket-allocator-bucket-count=8"
    "memorysetup-profiler-bucket-allocator-block-size=33554432"
    "memorysetup-profiler-bucket-allocator-block-count=8"
    "memorysetup-profiler-allocator-block-size=16777216"
    "memorysetup-profiler-editor-allocator-block-size=1048576"
    "memorysetup-temp-allocator-size-main=16777216"
    "memorysetup-job-temp-allocator-block-size=2097152"
    "memorysetup-job-temp-allocator-block-size-background=1048576"
    "memorysetup-job-temp-allocator-reduction-small-platforms=262144"
    "memorysetup-temp-allocator-size-background-worker=32768"
    "memorysetup-temp-allocator-size-job-worker=262144"
    "memorysetup-temp-allocator-size-preload-manager=33554432"
    "memorysetup-temp-allocator-size-nav-mesh-worker=65536"
    "memorysetup-temp-allocator-size-audio-worker=65536"
    "memorysetup-temp-allocator-size-cloud-worker=32768"
    "memorysetup-temp-allocator-size-gi-baking-worker=262144"
    "memorysetup-temp-allocator-size-gfx=262144"
Refreshing native plugins compatible for Editor in 133.12 ms, found 1 plugins.
Preloading 0 native plugins for Editor in 0.00 ms.
Initialize engine version: 2021.3.11f1 (0a5ca18544bf)
[Subsystems] Discovering subsystems at path /Applications/Unity/Hub/Editor/2021.3.11f1/Unity.app/Contents/Resources/UnitySubsystems
[Subsystems] Discovering subsystems at path /Users/hiutushi/Documents/GitHub/Fork/Gain-Foxes/Assets
GfxDevice: creating device client; threaded=0; jobified=0
Color LCD preferred device: Intel(R) Iris(TM) Plus Graphics (low power)
Metal devices available: 1
0: Intel(R) Iris(TM) Plus Graphics (low power)
Using device Intel(R) Iris(TM) Plus Graphics (low power)
Initializing Metal device caps: Intel(R) Iris(TM) Plus Graphics
Initialize mono
Mono path[0] = '/Applications/Unity/Hub/Editor/2021.3.11f1/Unity.app/Contents/Managed'
Mono path[1] = '/Applications/Unity/Hub/Editor/2021.3.11f1/Unity.app/Contents/MonoBleedingEdge/lib/mono/unityjit-macos'
Mono config path = '/Applications/Unity/Hub/Editor/2021.3.11f1/Unity.app/Contents/MonoBleedingEdge/etc'
Using monoOptions --debugger-agent=transport=dt_socket,embedding=1,server=y,suspend=n,address=127.0.0.1:56564
Begin MonoManager ReloadAssembly
Registering precompiled unity dll's ...
Register platform support module: /Applications/Unity/Hub/Editor/2021.3.11f1/PlaybackEngines/WebGLSupport/UnityEditor.WebGL.Extensions.dll
Register platform support module: /Applications/Unity/Hub/Editor/2021.3.11f1/Unity.app/Contents/PlaybackEngines/MacStandaloneSupport/UnityEditor.OSXStandalone.Extensions.dll
Register platform support module: /Applications/Unity/Hub/Editor/2021.3.11f1/PlaybackEngines/iOSSupport/UnityEditor.iOS.Extensions.dll
Register platform support module: /Applications/Unity/Hub/Editor/2021.3.11f1/PlaybackEngines/WindowsStandaloneSupport/UnityEditor.WindowsStandalone.Extensions.dll
Registered in 0.002803 seconds.
Native extension for WindowsStandalone target not found
[usbmuxd] Start listen thread
[usbmuxd] Listen thread started
[usbmuxd] Send listen message
Native extension for iOS target not found
Native extension for OSXStandalone target not found
Native extension for WebGL target not found
Refreshing native plugins compatible for Editor in 118.38 ms, found 1 plugins.
Preloading 0 native plugins for Editor in 0.00 ms.
Mono: successfully reloaded assembly
- Completed reload, in  1.123 seconds
Domain Reload Profiling:
	ReloadAssembly (1124ms)
		BeginReloadAssembly (85ms)
			ExecutionOrderSort (0ms)
			DisableScriptedObjects (0ms)
			BackupInstance (0ms)
			ReleaseScriptingObjects (0ms)
			CreateAndSetChildDomain (1ms)
		EndReloadAssembly (876ms)
			LoadAssemblies (84ms)
			RebuildTransferFunctionScriptingTraits (0ms)
			SetupTypeCache (170ms)
			ReleaseScriptCaches (0ms)
			RebuildScriptCaches (47ms)
			SetupLoadedEditorAssemblies (588ms)
				LogAssemblyErrors (0ms)
				InitializePlatformSupportModulesInManaged (145ms)
				SetLoadedEditorAssemblies (0ms)
				RefreshPlugins (118ms)
				BeforeProcessingInitializeOnLoad (2ms)
				ProcessInitializeOnLoadAttributes (249ms)
				ProcessInitializeOnLoadMethodAttributes (73ms)
				AfterProcessingInitializeOnLoad (0ms)
				EditorAssembliesLoaded (0ms)
			ExecutionOrderSort2 (0ms)
			AwakeInstancesAfterBackupRestoration (0ms)
Platform modules already initialized, skipping
Registering precompiled user dll's ...
Registered in 0.003609 seconds.
Begin MonoManager ReloadAssembly
Symbol file LoadedFromMemory doesn't match image /Users/hiutushi/Documents/GitHub/Fork/Gain-Foxes/Library/PackageCache/com.unity.visualscripting@1.7.8/Editor/VisualScripting.Core/Dependencies/YamlDotNet/Unity.VisualScripting.YamlDotNet.dll
Symbol file LoadedFromMemory doesn't match image /Users/hiutushi/Documents/GitHub/Fork/Gain-Foxes/Library/PackageCache/com.unity.visualscripting@1.7.8/Editor/VisualScripting.Core/Dependencies/DotNetZip/Unity.VisualScripting.IonicZip.dll
Native extension for WindowsStandalone target not found
Native extension for iOS target not found
Native extension for OSXStandalone target not found
Native extension for WebGL target not found
Refreshing native plugins compatible for Editor in 0.59 ms, found 1 plugins.
Preloading 0 native plugins for Editor in 0.00 ms.
Mono: successfully reloaded assembly
- Completed reload, in  1.843 seconds
Domain Reload Profiling:
	ReloadAssembly (1844ms)
		BeginReloadAssembly (211ms)
			ExecutionOrderSort (0ms)
			DisableScriptedObjects (9ms)
			BackupInstance (0ms)
			ReleaseScriptingObjects (0ms)
			CreateAndSetChildDomain (40ms)
		EndReloadAssembly (1341ms)
			LoadAssemblies (152ms)
			RebuildTransferFunctionScriptingTraits (0ms)
			SetupTypeCache (607ms)
			ReleaseScriptCaches (1ms)
			RebuildScriptCaches (110ms)
			SetupLoadedEditorAssemblies (419ms)
				LogAssemblyErrors (0ms)
				InitializePlatformSupportModulesInManaged (41ms)
				SetLoadedEditorAssemblies (1ms)
				RefreshPlugins (1ms)
				BeforeProcessingInitializeOnLoad (109ms)
				ProcessInitializeOnLoadAttributes (234ms)
				ProcessInitializeOnLoadMethodAttributes (31ms)
				AfterProcessingInitializeOnLoad (3ms)
				EditorAssembliesLoaded (0ms)
			ExecutionOrderSort2 (0ms)
			AwakeInstancesAfterBackupRestoration (5ms)
Platform modules already initialized, skipping
========================================================================
Worker process is ready to serve import requests
Launching external process: /Applications/Unity/Hub/Editor/2021.3.11f1/Unity.app/Contents/Tools/UnityShaderCompiler
Launched and connected shader compiler UnityShaderCompiler after 0.09 seconds
Refreshing native plugins compatible for Editor in 0.56 ms, found 1 plugins.
Preloading 0 native plugins for Editor in 0.00 ms.
Unloading 2984 Unused Serialized files (Serialized files now loaded: 0)
Unloading 29 unused Assets / (1.3 MB). Loaded Objects now: 3467.
Memory consumption went from 105.7 MB to 104.4 MB.
Total: 3.724969 ms (FindLiveObjects: 0.289108 ms CreateObjectMapping: 0.125875 ms MarkObjects: 3.011739 ms  DeleteObjects: 0.297234 ms)

AssetImportParameters requested are different than current active one (requested -> active):
  custom:video-decoder-ogg-theora: a1e56fd34408186e4bbccfd4996cb3dc -> 
  custom:container-muxer-webm: aa71ff27fc2769a1b78a27578f13a17b -> 
  custom:container-demuxer-webm: 4f35f7cbe854078d1ac9338744f61a02 -> 
  custom:video-encoder-webm-vp8: eb34c28f22e8b96e1ab97ce403110664 -> 
  custom:framework-osx-AVFoundation: e770b220cccbd017edd2c1fefb359320 -> 
  custom:audio-encoder-webm-vorbis: bf7c407c2cedff20999df2af8eb42d56 -> 
  custom:container-demuxer-ogg: 62fdf1f143b41e24485cea50d1cbac27 -> 
  custom:video-decoder-webm-vp8: 9c59270c3fd7afecdb556c50c9e8de78 -> 
  custom:audio-decoder-ogg-vorbis: bf7c407c2cedff20999df2af8eb42d56 -> 
========================================================================
Received Import Request.
  Time since last request: 15141.987961 seconds.
  path: Assets/2DAssets/Caravan/Image 1.controller
  artifactKey: Guid(43a6a6095d84f4d25b13a9896cb7b071) Importer(815301076,1909f56bfc062723c751e8b465ee728b)
Start importing Assets/2DAssets/Caravan/Image 1.controller using Guid(43a6a6095d84f4d25b13a9896cb7b071) Importer(815301076,1909f56bfc062723c751e8b465ee728b)  -> (artifact id: 'c80303bf4f51e26b706c019447e0fe56') in 0.162130 seconds 
========================================================================
Received Import Request.
  Time since last request: 2.071176 seconds.
  path: Assets/2DAssets/Caravan/Image.controller
  artifactKey: Guid(8cca2725de82e405fa8bfd6f28892695) Importer(815301076,1909f56bfc062723c751e8b465ee728b)
Start importing Assets/2DAssets/Caravan/Image.controller using Guid(8cca2725de82e405fa8bfd6f28892695) Importer(815301076,1909f56bfc062723c751e8b465ee728b)  -> (artifact id: '48029016a5ccbe463a1ca343c4c42b58') in 0.003679 seconds 
========================================================================
Received Import Request.
  Time since last request: 8.524988 seconds.
  path: Assets/2DAssets/Caravan/pointUI.anim
  artifactKey: Guid(759c7e2508e22479da358050402f25cc) Importer(815301076,1909f56bfc062723c751e8b465ee728b)
Start importing Assets/2DAssets/Caravan/pointUI.anim using Guid(759c7e2508e22479da358050402f25cc) Importer(815301076,1909f56bfc062723c751e8b465ee728b)  -> (artifact id: '46a0f051a1b31ca4ef17d5882f957f88') in 0.105498 seconds 
========================================================================
Received Import Request.
  Time since last request: 79.990167 seconds.
  path: Assets/2DAssets/Flat Textures Pack/Materials/Cave_Bush.mat
  artifactKey: Guid(e9626647ac5db254d9e870edcdfd343b) Importer(815301076,1909f56bfc062723c751e8b465ee728b)
Start importing Assets/2DAssets/Flat Textures Pack/Materials/Cave_Bush.mat using Guid(e9626647ac5db254d9e870edcdfd343b) Importer(815301076,1909f56bfc062723c751e8b465ee728b)  -> (artifact id: 'af9ce5ace9921c6ff7fd181cf618b613') in 0.302265 seconds 
========================================================================
Received Import Request.
  Time since last request: 0.000115 seconds.
  path: Assets/2DAssets/Flat Textures Pack/Materials/Desert_Bushes.mat
  artifactKey: Guid(a08dad81b78f42e489c9703efc2c1fb0) Importer(815301076,1909f56bfc062723c751e8b465ee728b)
Start importing Assets/2DAssets/Flat Textures Pack/Materials/Desert_Bushes.mat using Guid(a08dad81b78f42e489c9703efc2c1fb0) Importer(815301076,1909f56bfc062723c751e8b465ee728b)  -> (artifact id: '30549d2fc5c2ee9a822d1a307c903587') in 0.021649 seconds 
========================================================================
Received Import Request.
  Time since last request: 0.000118 seconds.
  path: Assets/2DAssets/Flat Textures Pack/Materials/Cave_Poison.mat
  artifactKey: Guid(8c2a02727fd639347bf1e97df0a962b1) Importer(815301076,1909f56bfc062723c751e8b465ee728b)
Start importing Assets/2DAssets/Flat Textures Pack/Materials/Cave_Poison.mat using Guid(8c2a02727fd639347bf1e97df0a962b1) Importer(815301076,1909f56bfc062723c751e8b465ee728b)  -> (artifact id: 'de2160c5fc934dfd3ba329f9cdc8a574') in 0.021236 seconds 
========================================================================
Received Import Request.
  Time since last request: 0.000147 seconds.
  path: Assets/2DAssets/Flat Textures Pack/Materials/Summer_Mud_A.mat
  artifactKey: Guid(a272687875e64684daa5f944e711872d) Importer(815301076,1909f56bfc062723c751e8b465ee728b)
Start importing Assets/2DAssets/Flat Textures Pack/Materials/Summer_Mud_A.mat using Guid(a272687875e64684daa5f944e711872d) Importer(815301076,1909f56bfc062723c751e8b465ee728b)  -> (artifact id: '43898ad20db8774a51fccaf3b6fcbf9a') in 0.022792 seconds 
========================================================================
Received Import Request.
  Time since last request: 0.000194 seconds.
  path: Assets/2DAssets/Flat Textures Pack/Materials/Summer_ForestRoad.mat
  artifactKey: Guid(55d9b8c647ad2ba4899329faec1273da) Importer(815301076,1909f56bfc062723c751e8b465ee728b)
Start importing Assets/2DAssets/Flat Textures Pack/Materials/Summer_ForestRoad.mat using Guid(55d9b8c647ad2ba4899329faec1273da) Importer(815301076,1909f56bfc062723c751e8b465ee728b)  -> (artifact id: 'c372fa4b656eec2818eed06dec8b32cb') in 0.024505 seconds 
========================================================================
Received Import Request.
  Time since last request: 0.000114 seconds.
  path: Assets/2DAssets/Flat Textures Pack/Materials/Summer_Dirt_A.mat
  artifactKey: Guid(865b305109e555749a4c8609b545998d) Importer(815301076,1909f56bfc062723c751e8b465ee728b)
Start importing Assets/2DAssets/Flat Textures Pack/Materials/Summer_Dirt_A.mat using Guid(865b305109e555749a4c8609b545998d) Importer(815301076,1909f56bfc062723c751e8b465ee728b)  -> (artifact id: 'e60a50cf5cff695423fb684ecf0f5f49') in 0.024616 seconds 
========================================================================
Received Import Request.
  Time since last request: 0.000112 seconds.
  path: Assets/2DAssets/Flat Textures Pack/Materials/Summer_Mud_B.mat
  artifactKey: Guid(b4ce1486c4e3c83408feacc4d7497b0c) Importer(815301076,1909f56bfc062723c751e8b465ee728b)
Start importing Assets/2DAssets/Flat Textures Pack/Materials/Summer_Mud_B.mat using Guid(b4ce1486c4e3c83408feacc4d7497b0c) Importer(815301076,1909f56bfc062723c751e8b465ee728b)  -> (artifact id: '5874ec80bc572eb268c6f3817dedf243') in 0.023928 seconds 
========================================================================
Received Import Request.
  Time since last request: 9.446093 seconds.
  path: Assets/2DAssets/Free HDR Skyboxes Pack/Material/sky-1.mat
  artifactKey: Guid(cf09bdd74268f184498d51e302193dbf) Importer(815301076,1909f56bfc062723c751e8b465ee728b)
Start importing Assets/2DAssets/Free HDR Skyboxes Pack/Material/sky-1.mat using Guid(cf09bdd74268f184498d51e302193dbf) Importer(815301076,1909f56bfc062723c751e8b465ee728b)  -> (artifact id: 'fc4adfe2d33c5728280aea1c5522ce6a') in 0.060222 seconds 
========================================================================
Received Import Request.
  Time since last request: 0.000178 seconds.
  path: Assets/2DAssets/Free HDR Skyboxes Pack/Material/sky-4.mat
  artifactKey: Guid(cba8250b9d9377f4ca5ccc7bda47897e) Importer(815301076,1909f56bfc062723c751e8b465ee728b)
Start importing Assets/2DAssets/Free HDR Skyboxes Pack/Material/sky-4.mat using Guid(cba8250b9d9377f4ca5ccc7bda47897e) Importer(815301076,1909f56bfc062723c751e8b465ee728b)  -> (artifact id: 'b9505ef3c78ffef742a1990063384662') in 0.043508 seconds 
========================================================================
Received Import Request.
  Time since last request: 14.472033 seconds.
  path: Assets/2DAssets/Ninja/NinjaB/NinjaBleft.png
  artifactKey: Guid(c868771a663af4c41832eba6e01888aa) Importer(815301076,1909f56bfc062723c751e8b465ee728b)
Start importing Assets/2DAssets/Ninja/NinjaB/NinjaBleft.png using Guid(c868771a663af4c41832eba6e01888aa) Importer(815301076,1909f56bfc062723c751e8b465ee728b)  -> (artifact id: 'c5acb6f7db59c199e25c69bd739a9aae') in 0.207775 seconds 
========================================================================
Received Import Request.
  Time since last request: 9.501268 seconds.
  path: Assets/2DAssets/PeoplePrefab/fugo 1.prefab
  artifactKey: Guid(c8efd6ac93e9a47f8bc662db4c4b9f4c) Importer(815301076,1909f56bfc062723c751e8b465ee728b)
Start importing Assets/2DAssets/PeoplePrefab/fugo 1.prefab using Guid(c8efd6ac93e9a47f8bc662db4c4b9f4c) Importer(815301076,1909f56bfc062723c751e8b465ee728b)  -> (artifact id: '097a7a1cbb6017d25b4b97ce54377bcd') in 0.160139 seconds 
========================================================================
Received Import Request.
  Time since last request: 13.022703 seconds.
  path: Assets/2DAssets/PeoplePrefab/fugo 1.prefab
  artifactKey: Guid(c8efd6ac93e9a47f8bc662db4c4b9f4c) Importer(815301076,1909f56bfc062723c751e8b465ee728b)
Start importing Assets/2DAssets/PeoplePrefab/fugo 1.prefab using Guid(c8efd6ac93e9a47f8bc662db4c4b9f4c) Importer(815301076,1909f56bfc062723c751e8b465ee728b)  -> (artifact id: 'e079a31b888a25b777b9554d99becfa7') in 0.015182 seconds 
========================================================================
Received Import Request.
  Time since last request: 0.000126 seconds.
  path: Assets/2DAssets/PeoplePrefab/simin 1.prefab
  artifactKey: Guid(04f37b23b60d44194b569af4e97653a0) Importer(815301076,1909f56bfc062723c751e8b465ee728b)
Start importing Assets/2DAssets/PeoplePrefab/simin 1.prefab using Guid(04f37b23b60d44194b569af4e97653a0) Importer(815301076,1909f56bfc062723c751e8b465ee728b)  -> (artifact id: '890fc8b468d546d6c37b9f9864acd632') in 0.018754 seconds 
========================================================================
Received Import Request.
  Time since last request: 1.234470 seconds.
  path: Assets/CreateScene/Standard Assets/Environment/Water/Water4/Materials/OceanPlaneMaterial.mat
  artifactKey: Guid(a437a9b380909fa4d98f929428f70388) Importer(815301076,1909f56bfc062723c751e8b465ee728b)
Start importing Assets/CreateScene/Standard Assets/Environment/Water/Water4/Materials/OceanPlaneMaterial.mat using Guid(a437a9b380909fa4d98f929428f70388) Importer(815301076,1909f56bfc062723c751e8b465ee728b)  -> (artifact id: '4e0747279cb7e75cac5a16668d9b682e') in 0.646790 seconds 
========================================================================
Received Import Request.
  Time since last request: 0.000092 seconds.
  path: Assets/2DAssets/LowlyPoly/Free Stylized Textures/Materials/Vol_27_4_Lava.mat
  artifactKey: Guid(7ea77b3e49c1d61409582be7e98d0d61) Importer(815301076,1909f56bfc062723c751e8b465ee728b)
Start importing Assets/2DAssets/LowlyPoly/Free Stylized Textures/Materials/Vol_27_4_Lava.mat using Guid(7ea77b3e49c1d61409582be7e98d0d61) Importer(815301076,1909f56bfc062723c751e8b465ee728b)  -> (artifact id: 'a3239ad2ddb87d9e4ed9b6937e4d04cc') in 0.803594 seconds 
========================================================================
Received Import Request.
  Time since last request: 0.000114 seconds.
  path: Assets/2DAssets/Flat Textures Pack/Materials/Winter_Moss.mat
  artifactKey: Guid(d02623c81a030044cacb865f4ee28bd7) Importer(815301076,1909f56bfc062723c751e8b465ee728b)
Start importing Assets/2DAssets/Flat Textures Pack/Materials/Winter_Moss.mat using Guid(d02623c81a030044cacb865f4ee28bd7) Importer(815301076,1909f56bfc062723c751e8b465ee728b)  -> (artifact id: 'd6f4372e7240bb1046ebb895536d79c8') in 0.018178 seconds 
========================================================================
Received Import Request.
  Time since last request: 0.000144 seconds.
  path: Assets/2DAssets/LowlyPoly/Free Stylized Textures/Materials/Vol_30_3_Roofs.mat
  artifactKey: Guid(78f6c3f1d47eef84f9ee5e607fad4c0c) Importer(815301076,1909f56bfc062723c751e8b465ee728b)
Start importing Assets/2DAssets/LowlyPoly/Free Stylized Textures/Materials/Vol_30_3_Roofs.mat using Guid(78f6c3f1d47eef84f9ee5e607fad4c0c) Importer(815301076,1909f56bfc062723c751e8b465ee728b)  -> (artifact id: '269be5cf0f5295e2bdf07f2b2e7b49cb') in 0.635833 seconds 
========================================================================
Received Import Request.
  Time since last request: 0.000100 seconds.
  path: Assets/2DAssets/Flat Textures Pack/Materials/Water_D.mat
  artifactKey: Guid(3584c50ec7d45f348a5aa57d24bb5737) Importer(815301076,1909f56bfc062723c751e8b465ee728b)
Start importing Assets/2DAssets/Flat Textures Pack/Materials/Water_D.mat using Guid(3584c50ec7d45f348a5aa57d24bb5737) Importer(815301076,1909f56bfc062723c751e8b465ee728b)  -> (artifact id: 'a4e96a404f3d9c78c15b3f09679c1ae0') in 0.020158 seconds 
========================================================================
Received Import Request.
  Time since last request: 0.000098 seconds.
  path: Assets/2DAssets/LowlyPoly/Free Stylized Textures/Materials/Vol_58_1_Surface.mat
  artifactKey: Guid(e94c7625cd2e80d4e8fd19b24fc89d93) Importer(815301076,1909f56bfc062723c751e8b465ee728b)
Start importing Assets/2DAssets/LowlyPoly/Free Stylized Textures/Materials/Vol_58_1_Surface.mat using Guid(e94c7625cd2e80d4e8fd19b24fc89d93) Importer(815301076,1909f56bfc062723c751e8b465ee728b)  -> (artifact id: '0b827958dfa7d11318b5eff995b08b94') in 0.799502 seconds 
========================================================================
Received Import Request.
  Time since last request: 0.000130 seconds.
  path: Assets/2DAssets/Flat Textures Pack/Materials/Water_C.mat
  artifactKey: Guid(aca82f8a42433894199632974fbd0681) Importer(815301076,1909f56bfc062723c751e8b465ee728b)
Start importing Assets/2DAssets/Flat Textures Pack/Materials/Water_C.mat using Guid(aca82f8a42433894199632974fbd0681) Importer(815301076,1909f56bfc062723c751e8b465ee728b)  -> (artifact id: 'c7d48a4969edcb67df612e107e24f0aa') in 0.016192 seconds 
========================================================================
Received Import Request.
  Time since last request: 0.000120 seconds.
  path: Assets/2DAssets/Flat Textures Pack/Materials/Winter_IceCliff.mat
  artifactKey: Guid(41b973d990ff1c748a4f9a7c29998342) Importer(815301076,1909f56bfc062723c751e8b465ee728b)
Start importing Assets/2DAssets/Flat Textures Pack/Materials/Winter_IceCliff.mat using Guid(41b973d990ff1c748a4f9a7c29998342) Importer(815301076,1909f56bfc062723c751e8b465ee728b)  -> (artifact id: 'af8bdbb33ce175adf379576d61540053') in 0.017898 seconds 
========================================================================
Received Import Request.
  Time since last request: 0.000141 seconds.
  path: Assets/CreateScene/Standard Assets/Environment/Water (Basic)/Materials/WaterBasicNighttime.mat
  artifactKey: Guid(c55afdc4a8a3b4890b07cc7d176510bb) Importer(815301076,1909f56bfc062723c751e8b465ee728b)
Start importing Assets/CreateScene/Standard Assets/Environment/Water (Basic)/Materials/WaterBasicNighttime.mat using Guid(c55afdc4a8a3b4890b07cc7d176510bb) Importer(815301076,1909f56bfc062723c751e8b465ee728b)  -> (artifact id: '2eec3c7687311e1d1c1a6ccc235ff6c5') in 0.040327 seconds 
========================================================================
Received Import Request.
  Time since last request: 0.059240 seconds.
  path: Assets/2DAssets/PeoplePrefab/fugo 1.prefab
  artifactKey: Guid(c8efd6ac93e9a47f8bc662db4c4b9f4c) Importer(815301076,1909f56bfc062723c751e8b465ee728b)
Start importing Assets/2DAssets/PeoplePrefab/fugo 1.prefab using Guid(c8efd6ac93e9a47f8bc662db4c4b9f4c) Importer(815301076,1909f56bfc062723c751e8b465ee728b)  -> (artifact id: '480273f82d37e9562b05073bc7758ce3') in 0.015655 seconds 
========================================================================
Received Import Request.
  Time since last request: 0.000127 seconds.
  path: Assets/2DAssets/PeoplePrefab/simin 1.prefab
  artifactKey: Guid(04f37b23b60d44194b569af4e97653a0) Importer(815301076,1909f56bfc062723c751e8b465ee728b)
Start importing Assets/2DAssets/PeoplePrefab/simin 1.prefab using Guid(04f37b23b60d44194b569af4e97653a0) Importer(815301076,1909f56bfc062723c751e8b465ee728b)  -> (artifact id: 'd5ff97325da91329aaabc49666538d71') in 0.019185 seconds 
========================================================================
Received Import Request.
  Time since last request: 0.000173 seconds.
  path: Assets/2DAssets/PeoplePrefab/kizoku 1.prefab
  artifactKey: Guid(284fa5f1a46db4ca79faa9e52cd27eab) Importer(815301076,1909f56bfc062723c751e8b465ee728b)
Start importing Assets/2DAssets/PeoplePrefab/kizoku 1.prefab using Guid(284fa5f1a46db4ca79faa9e52cd27eab) Importer(815301076,1909f56bfc062723c751e8b465ee728b)  -> (artifact id: '407f5e7e2c4555d957626d728f9a012f') in 0.016091 seconds 
Editor requested this worker to shutdown with reason: Scaling down because of idle timeout
AssetImportWorker is now disconnected from the server
Process exiting
